<?xml version="1.0" encoding="UTF-8"?>
<!-- Generated by org.testng.reporters.JUnitXMLReporter -->
<testsuite hostname="HP-PC" ignored="0" name="Yahoo App Test cases " tests="1" failures="1" timestamp="27 Jun 2018 03:33:04 GMT" time="13.088" errors="0">
  <testcase name="@AfterTest tearDown" time="0.001" classname="com.parameterizedTest.ParameterTest">
    <failure type="java.lang.NullPointerException">
      <![CDATA[java.lang.NullPointerException
at com.parameterizedTest.ParameterTest.tearDown(ParameterTest.java:43)
... Removed 24 stack frames]]>
    </failure>
  </testcase> <!-- @AfterTest tearDown -->
  <testcase name="yahooLoginTest" time="0.006" classname="com.parameterizedTest.ParameterTest">
    <failure type="java.lang.NullPointerException">
      <![CDATA[java.lang.NullPointerException
at com.parameterizedTest.ParameterTest.yahooLoginTest(ParameterTest.java:33)
... Removed 25 stack frames]]>
    </failure>
  </testcase> <!-- yahooLoginTest -->
</testsuite> <!-- Yahoo App Test cases  -->
